<?xml version="1.0" encoding="UTF-8"?>
<!-- Generated by org.testng.reporters.JUnitReportReporter -->
<testsuite skipped="0" hostname="Pradeep-PC" name="testRunners.TestRunner" tests="4" failures="0" timestamp="16 Dec 2020 18:23:57 GMT" time="69.481" errors="0">
  <testcase name="runScenario" time="11.498" classname="testRunners.TestRunner"/>
  <testcase name="runScenario" time="32.567" classname="testRunners.TestRunner"/>
  <testcase name="runScenario" time="12.847" classname="testRunners.TestRunner"/>
  <testcase name="runScenario" time="12.569" classname="testRunners.TestRunner"/>
</testsuite> <!-- testRunners.TestRunner -->
